Start testing: Apr 25 13:04 UTC
----------------------------------------------------------
1/1 Testing: blockchain_tests
1/1 Test: blockchain_tests
Command: "/workspace/build/modules/blockchain/blockchain_tests"
Directory: /workspace/build/modules/blockchain
"blockchain_tests" start time: Apr 25 13:04 UTC
Output:
----------------------------------------------------------
Running main() from ./googletest/src/gtest_main.cc
[==========] Running 69 tests from 9 test suites.
[----------] Global test environment set-up.
[----------] 2 tests from Hash
[ RUN      ] Hash.ZeroIsAllZeros
[       OK ] Hash.ZeroIsAllZeros (0 ms)
[ RUN      ] Hash.Equality
[       OK ] Hash.Equality (0 ms)
[----------] 2 tests from Hash (0 ms total)

[----------] 1 test from Signature
[ RUN      ] Signature.NullIsAllZeros
[       OK ] Signature.NullIsAllZeros (0 ms)
[----------] 1 test from Signature (0 ms total)

[----------] 4 tests from NodeDepth
[ RUN      ] NodeDepth.Root
[       OK ] NodeDepth.Root (0 ms)
[ RUN      ] NodeDepth.Level1
[       OK ] NodeDepth.Level1 (0 ms)
[ RUN      ] NodeDepth.Level2
[       OK ] NodeDepth.Level2 (0 ms)
[ RUN      ] NodeDepth.MaxUint32
[       OK ] NodeDepth.MaxUint32 (0 ms)
[----------] 4 tests from NodeDepth (0 ms total)

[----------] 2 tests from IsLeafNode
[ RUN      ] IsLeafNode.Leaf
[       OK ] IsLeafNode.Leaf (0 ms)
[ RUN      ] IsLeafNode.NonLeaf
[       OK ] IsLeafNode.NonLeaf (0 ms)
[----------] 2 tests from IsLeafNode (0 ms total)

[----------] 4 tests from PathIndices
[ RUN      ] PathIndices.Root
[       OK ] PathIndices.Root (0 ms)
[ RUN      ] PathIndices.Level1Left
[       OK ] PathIndices.Level1Left (0 ms)
[ RUN      ] PathIndices.Level2
[       OK ] PathIndices.Level2 (0 ms)
[ RUN      ] PathIndices.Level2Right
[       OK ] PathIndices.Level2Right (0 ms)
[----------] 4 tests from PathIndices (0 ms total)

[----------] 2 tests from NodeStruct
[ RUN      ] NodeStruct.IsLeftChild
[       OK ] NodeStruct.IsLeftChild (0 ms)
[ RUN      ] NodeStruct.ParentIndex
[       OK ] NodeStruct.ParentIndex (0 ms)
[----------] 2 tests from NodeStruct (0 ms total)

[----------] 9 tests from Crypto
[ RUN      ] Crypto.GenerateKeypair
[       OK ] Crypto.GenerateKeypair (0 ms)
[ RUN      ] Crypto.TwoKeypairsAreDifferent
[       OK ] Crypto.TwoKeypairsAreDifferent (0 ms)
[ RUN      ] Crypto.HashIsDeterministic
[       OK ] Crypto.HashIsDeterministic (0 ms)
[ RUN      ] Crypto.HashDifferentData
[       OK ] Crypto.HashDifferentData (0 ms)
[ RUN      ] Crypto.HashEmptyData
[       OK ] Crypto.HashEmptyData (0 ms)
[ RUN      ] Crypto.SignAndVerify
[       OK ] Crypto.SignAndVerify (0 ms)
[ RUN      ] Crypto.VerifyWrongKey
[       OK ] Crypto.VerifyWrongKey (0 ms)
[ RUN      ] Crypto.VerifyTamperedData
[       OK ] Crypto.VerifyTamperedData (0 ms)
[ RUN      ] Crypto.VerifyTamperedSig
[       OK ] Crypto.VerifyTamperedSig (0 ms)
[----------] 9 tests from Crypto (0 ms total)

[----------] 20 tests from Serializer
[ RUN      ] Serializer.NodeIndexInlineEncoding
[       OK ] Serializer.NodeIndexInlineEncoding (0 ms)
[ RUN      ] Serializer.LargeNodeIndex
[       OK ] Serializer.LargeNodeIndex (0 ms)
[ RUN      ] Serializer.NodeRoundTrip
[       OK ] Serializer.NodeRoundTrip (0 ms)
[ RUN      ] Serializer.NodeRoundTripRootIndex
[       OK ] Serializer.NodeRoundTripRootIndex (0 ms)
[ RUN      ] Serializer.NodeRoundTripLargeIndex
[       OK ] Serializer.NodeRoundTripLargeIndex (0 ms)
[ RUN      ] Serializer.NodeNegativeTimestamp
[       OK ] Serializer.NodeNegativeTimestamp (0 ms)
[ RUN      ] Serializer.NodeDeterministic
[       OK ] Serializer.NodeDeterministic (0 ms)
[ RUN      ] Serializer.BlockRoundTripData
[       OK ] Serializer.BlockRoundTripData (0 ms)
[ RUN      ] Serializer.BlockCoSignatureExcluded
[       OK ] Serializer.BlockCoSignatureExcluded (0 ms)
[ RUN      ] Serializer.BlockEmptyPayload
[       OK ] Serializer.BlockEmptyPayload (0 ms)
[ RUN      ] Serializer.BlockWithExternalRefs
[       OK ] Serializer.BlockWithExternalRefs (0 ms)
[ RUN      ] Serializer.BlockAllTypes
[       OK ] Serializer.BlockAllTypes (0 ms)
[ RUN      ] Serializer.BlockDeterministic
[       OK ] Serializer.BlockDeterministic (0 ms)
[ RUN      ] Serializer.SealRoundTripBlind
[       OK ] Serializer.SealRoundTripBlind (0 ms)
[ RUN      ] Serializer.SealRoundTripOpen
[       OK ] Serializer.SealRoundTripOpen (0 ms)
[ RUN      ] Serializer.BranchTipInfoRoundTrip
[       OK ] Serializer.BranchTipInfoRoundTrip (0 ms)
[ RUN      ] Serializer.BranchTipInfoEmptyPath
[       OK ] Serializer.BranchTipInfoEmptyPath (0 ms)
[ RUN      ] Serializer.DecodeNodeEmptyData
[       OK ] Serializer.DecodeNodeEmptyData (0 ms)
[ RUN      ] Serializer.DecodeNodeTruncated
[       OK ] Serializer.DecodeNodeTruncated (0 ms)
[ RUN      ] Serializer.DecodeBlockWrongType
[       OK ] Serializer.DecodeBlockWrongType (0 ms)
[----------] 20 tests from Serializer (0 ms total)

[----------] 25 tests from StorageTest
[ RUN      ] StorageTest.PutAndGetNode
[       OK ] StorageTest.PutAndGetNode (2 ms)
[ RUN      ] StorageTest.HasNodeTrue
[       OK ] StorageTest.HasNodeTrue (1 ms)
[ RUN      ] StorageTest.HasNodeFalse
[       OK ] StorageTest.HasNodeFalse (1 ms)
[ RUN      ] StorageTest.GetNodeNotFound
[       OK ] StorageTest.GetNodeNotFound (0 ms)
[ RUN      ] StorageTest.PutNodeDuplicateThrows
[       OK ] StorageTest.PutNodeDuplicateThrows (1 ms)
[ RUN      ] StorageTest.MultipleNodesDifferentIndex
[       OK ] StorageTest.MultipleNodesDifferentIndex (1 ms)
[ RUN      ] StorageTest.NodeIsolatedByUser
[       OK ] StorageTest.NodeIsolatedByUser (1 ms)
[ RUN      ] StorageTest.PutAndGetBlock
[       OK ] StorageTest.PutAndGetBlock (1 ms)
[ RUN      ] StorageTest.HasBlockTrue
[       OK ] StorageTest.HasBlockTrue (1 ms)
[ RUN      ] StorageTest.HasBlockFalse
[       OK ] StorageTest.HasBlockFalse (0 ms)
[ RUN      ] StorageTest.GetBlockNotFound
[       OK ] StorageTest.GetBlockNotFound (0 ms)
[ RUN      ] StorageTest.PutBlockDuplicateThrows
[       OK ] StorageTest.PutBlockDuplicateThrows (1 ms)
[ RUN      ] StorageTest.BranchTipEmptyBranch
[       OK ] StorageTest.BranchTipEmptyBranch (0 ms)
[ RUN      ] StorageTest.BranchTipSingleBlock
[       OK ] StorageTest.BranchTipSingleBlock (1 ms)
[ RUN      ] StorageTest.BranchTipMultipleBlocks
[       OK ] StorageTest.BranchTipMultipleBlocks (2 ms)
[ RUN      ] StorageTest.BranchTipIsolatedByNode
[       OK ] StorageTest.BranchTipIsolatedByNode (1 ms)
[ RUN      ] StorageTest.BranchTipIsolatedByUser
[       OK ] StorageTest.BranchTipIsolatedByUser (1 ms)
[ RUN      ] StorageTest.GetSealsEmpty
[       OK ] StorageTest.GetSealsEmpty (0 ms)
[ RUN      ] StorageTest.PutAndGetSingleSeal
[       OK ] StorageTest.PutAndGetSingleSeal (1 ms)
[ RUN      ] StorageTest.PutMultipleSeals
[       OK ] StorageTest.PutMultipleSeals (2 ms)
[ RUN      ] StorageTest.SealsIsolatedByHash
[       OK ] StorageTest.SealsIsolatedByHash (1 ms)
[ RUN      ] StorageTest.PutAndGetExternalBlock
[       OK ] StorageTest.PutAndGetExternalBlock (1 ms)
[ RUN      ] StorageTest.ExternalBlockNotFound
[       OK ] StorageTest.ExternalBlockNotFound (0 ms)
[ RUN      ] StorageTest.ExternalBlockDuplicateThrows
[       OK ] StorageTest.ExternalBlockDuplicateThrows (1 ms)
[ RUN      ] StorageTest.PersistenceAcrossReopen
[       OK ] StorageTest.PersistenceAcrossReopen (1 ms)
[----------] 25 tests from StorageTest (33 ms total)

[----------] Global test environment tear-down
[==========] 69 tests from 9 test suites ran. (34 ms total)
[  PASSED  ] 69 tests.
<end of output>
Test time =   0.04 sec
----------------------------------------------------------
Test Passed.
"blockchain_tests" end time: Apr 25 13:04 UTC
"blockchain_tests" time elapsed: 00:00:00
----------------------------------------------------------

End testing: Apr 25 13:04 UTC
