Start testing: Apr 25 12:43 UTC
----------------------------------------------------------
1/1 Testing: blockchain_tests
1/1 Test: blockchain_tests
Command: "/workspace/build/modules/blockchain/blockchain_tests"
Directory: /workspace/build/modules/blockchain
"blockchain_tests" start time: Apr 25 12:43 UTC
Output:
----------------------------------------------------------
Running main() from ./googletest/src/gtest_main.cc
[==========] Running 44 tests from 8 test suites.
[----------] Global test environment set-up.
[----------] 2 tests from Hash
[ RUN      ] Hash.ZeroIsAllZeros
[       OK ] Hash.ZeroIsAllZeros (0 ms)
[ RUN      ] Hash.Equality
[       OK ] Hash.Equality (0 ms)
[----------] 2 tests from Hash (0 ms total)

[----------] 1 test from Signature
[ RUN      ] Signature.NullIsAllZeros
[       OK ] Signature.NullIsAllZeros (0 ms)
[----------] 1 test from Signature (0 ms total)

[----------] 4 tests from NodeDepth
[ RUN      ] NodeDepth.Root
[       OK ] NodeDepth.Root (0 ms)
[ RUN      ] NodeDepth.Level1
[       OK ] NodeDepth.Level1 (0 ms)
[ RUN      ] NodeDepth.Level2
[       OK ] NodeDepth.Level2 (0 ms)
[ RUN      ] NodeDepth.MaxUint32
[       OK ] NodeDepth.MaxUint32 (0 ms)
[----------] 4 tests from NodeDepth (0 ms total)

[----------] 2 tests from IsLeafNode
[ RUN      ] IsLeafNode.Leaf
[       OK ] IsLeafNode.Leaf (0 ms)
[ RUN      ] IsLeafNode.NonLeaf
[       OK ] IsLeafNode.NonLeaf (0 ms)
[----------] 2 tests from IsLeafNode (0 ms total)

[----------] 4 tests from PathIndices
[ RUN      ] PathIndices.Root
[       OK ] PathIndices.Root (0 ms)
[ RUN      ] PathIndices.Level1Left
[       OK ] PathIndices.Level1Left (0 ms)
[ RUN      ] PathIndices.Level2
[       OK ] PathIndices.Level2 (0 ms)
[ RUN      ] PathIndices.Level2Right
[       OK ] PathIndices.Level2Right (0 ms)
[----------] 4 tests from PathIndices (0 ms total)

[----------] 2 tests from NodeStruct
[ RUN      ] NodeStruct.IsLeftChild
[       OK ] NodeStruct.IsLeftChild (0 ms)
[ RUN      ] NodeStruct.ParentIndex
[       OK ] NodeStruct.ParentIndex (0 ms)
[----------] 2 tests from NodeStruct (0 ms total)

[----------] 9 tests from Crypto
[ RUN      ] Crypto.GenerateKeypair
[       OK ] Crypto.GenerateKeypair (0 ms)
[ RUN      ] Crypto.TwoKeypairsAreDifferent
[       OK ] Crypto.TwoKeypairsAreDifferent (0 ms)
[ RUN      ] Crypto.HashIsDeterministic
[       OK ] Crypto.HashIsDeterministic (0 ms)
[ RUN      ] Crypto.HashDifferentData
[       OK ] Crypto.HashDifferentData (0 ms)
[ RUN      ] Crypto.HashEmptyData
[       OK ] Crypto.HashEmptyData (0 ms)
[ RUN      ] Crypto.SignAndVerify
[       OK ] Crypto.SignAndVerify (0 ms)
[ RUN      ] Crypto.VerifyWrongKey
[       OK ] Crypto.VerifyWrongKey (0 ms)
[ RUN      ] Crypto.VerifyTamperedData
[       OK ] Crypto.VerifyTamperedData (0 ms)
[ RUN      ] Crypto.VerifyTamperedSig
[       OK ] Crypto.VerifyTamperedSig (0 ms)
[----------] 9 tests from Crypto (0 ms total)

[----------] 20 tests from Serializer
[ RUN      ] Serializer.NodeIndexInlineEncoding
[       OK ] Serializer.NodeIndexInlineEncoding (0 ms)
[ RUN      ] Serializer.LargeNodeIndex
[       OK ] Serializer.LargeNodeIndex (0 ms)
[ RUN      ] Serializer.NodeRoundTrip
[       OK ] Serializer.NodeRoundTrip (0 ms)
[ RUN      ] Serializer.NodeRoundTripRootIndex
[       OK ] Serializer.NodeRoundTripRootIndex (0 ms)
[ RUN      ] Serializer.NodeRoundTripLargeIndex
[       OK ] Serializer.NodeRoundTripLargeIndex (0 ms)
[ RUN      ] Serializer.NodeNegativeTimestamp
[       OK ] Serializer.NodeNegativeTimestamp (0 ms)
[ RUN      ] Serializer.NodeDeterministic
[       OK ] Serializer.NodeDeterministic (0 ms)
[ RUN      ] Serializer.BlockRoundTripData
[       OK ] Serializer.BlockRoundTripData (0 ms)
[ RUN      ] Serializer.BlockCoSignatureExcluded
[       OK ] Serializer.BlockCoSignatureExcluded (0 ms)
[ RUN      ] Serializer.BlockEmptyPayload
[       OK ] Serializer.BlockEmptyPayload (0 ms)
[ RUN      ] Serializer.BlockWithExternalRefs
[       OK ] Serializer.BlockWithExternalRefs (0 ms)
[ RUN      ] Serializer.BlockAllTypes
[       OK ] Serializer.BlockAllTypes (0 ms)
[ RUN      ] Serializer.BlockDeterministic
[       OK ] Serializer.BlockDeterministic (0 ms)
[ RUN      ] Serializer.SealRoundTripBlind
[       OK ] Serializer.SealRoundTripBlind (0 ms)
[ RUN      ] Serializer.SealRoundTripOpen
[       OK ] Serializer.SealRoundTripOpen (0 ms)
[ RUN      ] Serializer.BranchTipInfoRoundTrip
[       OK ] Serializer.BranchTipInfoRoundTrip (0 ms)
[ RUN      ] Serializer.BranchTipInfoEmptyPath
[       OK ] Serializer.BranchTipInfoEmptyPath (0 ms)
[ RUN      ] Serializer.DecodeNodeEmptyData
[       OK ] Serializer.DecodeNodeEmptyData (0 ms)
[ RUN      ] Serializer.DecodeNodeTruncated
[       OK ] Serializer.DecodeNodeTruncated (0 ms)
[ RUN      ] Serializer.DecodeBlockWrongType
[       OK ] Serializer.DecodeBlockWrongType (0 ms)
[----------] 20 tests from Serializer (0 ms total)

[----------] Global test environment tear-down
[==========] 44 tests from 8 test suites ran. (0 ms total)
[  PASSED  ] 44 tests.
<end of output>
Test time =   0.00 sec
----------------------------------------------------------
Test Passed.
"blockchain_tests" end time: Apr 25 12:43 UTC
"blockchain_tests" time elapsed: 00:00:00
----------------------------------------------------------

End testing: Apr 25 12:43 UTC
